#
# There is insufficient memory for the Java Runtime Environment to continue.
# Native memory allocation (malloc) failed to allocate 447376 bytes for Chunk::new
# Possible reasons:
#   The system is out of physical RAM or swap space
#   The process is running with CompressedOops enabled, and the Java Heap may be blocking the growth of the native heap
# Possible solutions:
#   Reduce memory load on the system
#   Increase physical memory or swap space
#   Check if swap backing store is full
#   Decrease Java heap size (-Xmx/-Xms)
#   Decrease number of Java threads
#   Decrease Java thread stack sizes (-Xss)
#   Set larger code cache with -XX:ReservedCodeCacheSize=
#   JVM is running with Unscaled Compressed Oops mode in which the Java heap is
#     placed in the first 4GB address space. The Java Heap base address is the
#     maximum limit for the native heap growth. Please use -XX:HeapBaseMinAddress
#     to set the Java Heap base and to place the Java Heap above 4GB virtual address.
# This output file may be truncated or incomplete.
#
#  Out of Memory Error (arena.cpp:189), pid=2292, tid=2224
#
# JRE version: OpenJDK Runtime Environment Temurin-17.0.5+8 (17.0.5+8) (build 17.0.5+8)
# Java VM: OpenJDK 64-Bit Server VM Temurin-17.0.5+8 (17.0.5+8, mixed mode, sharing, tiered, compressed oops, compressed class ptrs, parallel gc, windows-amd64)
# No core dump will be written. Minidumps are not enabled by default on client versions of Windows
#

---------------  S U M M A R Y ------------

Command Line: --add-modules=ALL-SYSTEM --add-opens=java.base/java.util=ALL-UNNAMED --add-opens=java.base/java.lang=ALL-UNNAMED --add-opens=java.base/sun.nio.fs=ALL-UNNAMED -Declipse.application=org.eclipse.jdt.ls.core.id1 -Dosgi.bundles.defaultStartLevel=4 -Declipse.product=org.eclipse.jdt.ls.core.product -Djava.import.generatesMetadataFilesAtProjectRoot=false -Dfile.encoding=utf8 -XX:+UseParallelGC -XX:GCTimeRatio=4 -XX:AdaptiveSizePolicyWeight=90 -Dsun.zip.disableMemoryMapping=true -Xmx1G -Xms100m -Xlog:disable -javaagent:c:\Users\Public\wpilib\2023\vscode\data\extensions\redhat.java-1.14.0\lombok\lombok-1.18.24.jar c:\Users\Public\wpilib\2023\vscode\data\extensions\redhat.java-1.14.0\server\plugins\org.eclipse.equinox.launcher_1.6.400.v20210924-0641.jar -configuration c:\Users\Public\wpilib\2023\vscode\data\user-data\User\globalStorage\redhat.java\1.14.0\config_ss_win -data c:\Users\Public\wpilib\2023\vscode\data\user-data\User\workspaceStorage\350e94c15fe0dbdb71c7532cd741930a\redhat.java\ss_ws

Host: Intel(R) Core(TM) i5-6500 CPU @ 3.20GHz, 4 cores, 7G,  Windows 10 , 64 bit Build 19041 (10.0.19041.2913)
Time: Mon Jun 12 15:53:48 2023 Eastern Daylight Time elapsed time: 2.622675 seconds (0d 0h 0m 2s)

---------------  T H R E A D  ---------------

Current thread (0x0000026dfc09a660):  JavaThread "C2 CompilerThread0" daemon [_thread_in_native, id=2224, stack(0x000000a2f6700000,0x000000a2f6800000)]


Current CompileTask:
C2:   2623 1834       4       java.io.DataInputStream::readUTF (501 bytes)

Stack: [0x000000a2f6700000,0x000000a2f6800000]
Native frames: (J=compiled Java code, j=interpreted, Vv=VM code, C=native code)
V  [jvm.dll+0x676b3a]
V  [jvm.dll+0x831444]
V  [jvm.dll+0x832bee]
V  [jvm.dll+0x833253]
V  [jvm.dll+0x244ce5]
V  [jvm.dll+0xabbac]
V  [jvm.dll+0xac17c]
V  [jvm.dll+0x362d02]
V  [jvm.dll+0x32d591]
V  [jvm.dll+0x32ca3a]
V  [jvm.dll+0x217b51]
V  [jvm.dll+0x216f71]
V  [jvm.dll+0x1a343d]
V  [jvm.dll+0x22698a]
V  [jvm.dll+0x224ac5]
V  [jvm.dll+0x7e727b]
V  [jvm.dll+0x7e17ea]
V  [jvm.dll+0x6759e5]
C  [ucrtbase.dll+0x21bb2]
C  [KERNEL32.DLL+0x17614]
C  [ntdll.dll+0x526a1]


---------------  P R O C E S S  ---------------

Threads class SMR info:
_java_thread_list=0x0000026dfe6b15b0, length=17, elements={
0x0000026df9e82470, 0x0000026df9f1ab70, 0x0000026df9f1fa30, 0x0000026dfc0963a0,
0x0000026dfc097020, 0x0000026dfc097da0, 0x0000026dfc099870, 0x0000026dfc09a660,
0x0000026dfc109c10, 0x0000026dfc10cd50, 0x0000026df9ee2fb0, 0x0000026dfddedf10,
0x0000026dfe8d99e0, 0x0000026dfe761880, 0x0000026dfe7355c0, 0x0000026dfe72e9e0,
0x0000026dfe694200
}

Java Threads: ( => current thread )
  0x0000026df9e82470 JavaThread "main" [_thread_blocked, id=13636, stack(0x000000a2f5e00000,0x000000a2f5f00000)]
  0x0000026df9f1ab70 JavaThread "Reference Handler" daemon [_thread_blocked, id=19208, stack(0x000000a2f6100000,0x000000a2f6200000)]
  0x0000026df9f1fa30 JavaThread "Finalizer" daemon [_thread_blocked, id=3012, stack(0x000000a2f6200000,0x000000a2f6300000)]
  0x0000026dfc0963a0 JavaThread "Signal Dispatcher" daemon [_thread_blocked, id=16708, stack(0x000000a2f6300000,0x000000a2f6400000)]
  0x0000026dfc097020 JavaThread "Attach Listener" daemon [_thread_blocked, id=19056, stack(0x000000a2f6400000,0x000000a2f6500000)]
  0x0000026dfc097da0 JavaThread "Service Thread" daemon [_thread_blocked, id=12524, stack(0x000000a2f6500000,0x000000a2f6600000)]
  0x0000026dfc099870 JavaThread "Monitor Deflation Thread" daemon [_thread_blocked, id=14660, stack(0x000000a2f6600000,0x000000a2f6700000)]
=>0x0000026dfc09a660 JavaThread "C2 CompilerThread0" daemon [_thread_in_native, id=2224, stack(0x000000a2f6700000,0x000000a2f6800000)]
  0x0000026dfc109c10 JavaThread "C1 CompilerThread0" daemon [_thread_blocked, id=10468, stack(0x000000a2f6800000,0x000000a2f6900000)]
  0x0000026dfc10cd50 JavaThread "Sweeper thread" daemon [_thread_blocked, id=19376, stack(0x000000a2f6900000,0x000000a2f6a00000)]
  0x0000026df9ee2fb0 JavaThread "Common-Cleaner" daemon [_thread_blocked, id=10248, stack(0x000000a2f6a00000,0x000000a2f6b00000)]
  0x0000026dfddedf10 JavaThread "Notification Thread" daemon [_thread_blocked, id=14628, stack(0x000000a2f6b00000,0x000000a2f6c00000)]
  0x0000026dfe8d99e0 JavaThread "Active Thread: Equinox Container: efc95f19-599b-438f-8cb5-146971ec4b78" [_thread_blocked, id=18008, stack(0x000000a2f7100000,0x000000a2f7200000)]
  0x0000026dfe761880 JavaThread "Framework Event Dispatcher: Equinox Container: efc95f19-599b-438f-8cb5-146971ec4b78" daemon [_thread_blocked, id=3340, stack(0x000000a2f7200000,0x000000a2f7300000)]
  0x0000026dfe7355c0 JavaThread "Start Level: Equinox Container: efc95f19-599b-438f-8cb5-146971ec4b78" daemon [_thread_in_vm, id=11424, stack(0x000000a2f7300000,0x000000a2f7400000)]
  0x0000026dfe72e9e0 JavaThread "SCR Component Actor" daemon [_thread_blocked, id=14840, stack(0x000000a2f7400000,0x000000a2f7500000)]
  0x0000026dfe694200 JavaThread "SCR Component Registry" daemon [_thread_blocked, id=16136, stack(0x000000a2f6d00000,0x000000a2f6e00000)]

Other Threads:
  0x0000026dfc090ae0 VMThread "VM Thread" [stack: 0x000000a2f6000000,0x000000a2f6100000] [id=11432]
  0x0000026dfdd23b70 WatcherThread [stack: 0x000000a2f6c00000,0x000000a2f6d00000] [id=18020]
  0x0000026df9e973f0 GCTaskThread "GC Thread#0" [stack: 0x000000a2f5f00000,0x000000a2f6000000] [id=3056]
  0x0000026dfe03f5a0 GCTaskThread "GC Thread#1" [stack: 0x000000a2f6e00000,0x000000a2f6f00000] [id=11996]
  0x0000026dfe03f850 GCTaskThread "GC Thread#2" [stack: 0x000000a2f6f00000,0x000000a2f7000000] [id=18044]
  0x0000026dfe122ae0 GCTaskThread "GC Thread#3" [stack: 0x000000a2f7000000,0x000000a2f7100000] [id=16540]

Threads with active compile tasks:
C2 CompilerThread0     2697 1834       4       java.io.DataInputStream::readUTF (501 bytes)

VM state: not at safepoint (normal execution)

VM Mutex/Monitor currently owned by a thread:  ([mutex/lock_event])
[0x0000026df7cbd280] Metaspace_lock - owner thread: 0x0000026dfe7355c0

Heap address: 0x00000000c0000000, size: 1024 MB, Compressed Oops mode: 32-bit

CDS archive(s) mapped at: [0x0000000800000000-0x0000000800bc0000-0x0000000800bc0000), size 12320768, SharedBaseAddress: 0x0000000800000000, ArchiveRelocationMode: 0.
Compressed class space mapped at: 0x0000000800c00000-0x0000000840c00000, reserved size: 1073741824
Narrow klass base: 0x0000000800000000, Narrow klass shift: 0, Narrow klass range: 0x100000000

GC Precious Log:
 CPUs: 4 total, 4 available
 Memory: 8099M
 Large Page Support: Disabled
 NUMA Support: Disabled
 Compressed Oops: Enabled (32-bit)
 Alignments: Space 512K, Generation 512K, Heap 2M
 Heap Min Capacity: 100M
 Heap Initial Capacity: 100M
 Heap Max Capacity: 1G
 Pre-touch: Disabled
 Parallel Workers: 4

Heap:
 PSYoungGen      total 29696K, used 16335K [0x00000000eab00000, 0x00000000ecc00000, 0x0000000100000000)
  eden space 25600K, 47% used [0x00000000eab00000,0x00000000eb6f4788,0x00000000ec400000)
  from space 4096K, 99% used [0x00000000ec800000,0x00000000ecbff718,0x00000000ecc00000)
  to   space 4096K, 0% used [0x00000000ec400000,0x00000000ec400000,0x00000000ec800000)
 ParOldGen       total 68608K, used 1288K [0x00000000c0000000, 0x00000000c4300000, 0x00000000eab00000)
  object space 68608K, 1% used [0x00000000c0000000,0x00000000c0142280,0x00000000c4300000)
 Metaspace       used 11059K, committed 11392K, reserved 1064960K
  class space    used 1089K, committed 1280K, reserved 1048576K

Card table byte_map: [0x0000026df9810000,0x0000026df9a20000] _byte_map_base: 0x0000026df9210000

Marking Bits: (ParMarkBitMap*) 0x00007ff9a2c20dd0
 Begin Bits: [0x0000026df9f30000, 0x0000026dfaf30000)
 End Bits:   [0x0000026dfaf30000, 0x0000026dfbf30000)

Polling page: 0x0000026df7dc0000

Metaspace:

Usage:
  Non-class:      9.74 MB used.
      Class:      1.06 MB used.
       Both:     10.80 MB used.

Virtual space:
  Non-class space:       16.00 MB reserved,       9.88 MB ( 62%) committed,  2 nodes.
      Class space:        1.00 GB reserved,       1.25 MB ( <1%) committed,  1 nodes.
             Both:        1.02 GB reserved,      11.12 MB (  1%) committed. 

Chunk freelists:
   Non-Class:  1.43 MB
       Class:  2.74 MB
        Both:  4.17 MB

MaxMetaspaceSize: unlimited
CompressedClassSpaceSize: 1.00 GB
Initial GC threshold: 21.00 MB
Current GC threshold: 21.00 MB
CDS: on
MetaspaceReclaimPolicy: balanced
 - commit_granule_bytes: 65536.
 - commit_granule_words: 8192.
 - virtual_space_node_default_size: 1048576.
 - enlarge_chunks_in_place: 1.
 - new_chunks_are_fully_committed: 0.
 - uncommit_free_chunks: 1.
 - use_allocation_guard: 0.
 - handle_deallocations: 1.


Internal statistics:

num_allocs_failed_limit: 0.
num_arena_births: 112.
num_arena_deaths: 0.
num_vsnodes_births: 3.
num_vsnodes_deaths: 0.
num_space_committed: 178.
num_space_uncommitted: 0.
num_chunks_returned_to_freelist: 0.
num_chunks_taken_from_freelist: 415.
num_chunk_merges: 0.
num_chunk_splits: 283.
num_chunks_enlarged: 209.
num_purges: 0.
num_inconsistent_stats: 0.

CodeHeap 'non-profiled nmethods': size=120000Kb used=729Kb max_used=729Kb free=119270Kb
 bounds [0x0000026d8f4f0000, 0x0000026d8f760000, 0x0000026d96a20000]
CodeHeap 'profiled nmethods': size=120000Kb used=3614Kb max_used=3614Kb free=116385Kb
 bounds [0x0000026d87fc0000, 0x0000026d88350000, 0x0000026d8f4f0000]
CodeHeap 'non-nmethods': size=5760Kb used=1165Kb max_used=1188Kb free=4594Kb
 bounds [0x0000026d87a20000, 0x0000026d87c90000, 0x0000026d87fc0000]
 total_blobs=2328 nmethods=1864 adapters=378
 compilation: enabled
              stopped_count=0, restarted_count=0
 full_count=0

Compilation events (20 events):
Event: 2.589 Thread 0x0000026dfc109c10 1856       1       org.eclipse.osgi.container.ModuleRevision::getTypes (5 bytes)
Event: 2.589 Thread 0x0000026dfc109c10 nmethod 1856 0x0000026d8f5a6110 code [0x0000026d8f5a62a0, 0x0000026d8f5a6378]
Event: 2.590 Thread 0x0000026dfc109c10 1858       3       java.io.File::exists (34 bytes)
Event: 2.590 Thread 0x0000026dfc109c10 nmethod 1858 0x0000026d88342890 code [0x0000026d88342a80, 0x0000026d88342fc8]
Event: 2.592 Thread 0x0000026dfc109c10 1859       1       sun.nio.fs.NativeBuffer::setOwner (6 bytes)
Event: 2.592 Thread 0x0000026dfc109c10 nmethod 1859 0x0000026d8f5a6410 code [0x0000026d8f5a65a0, 0x0000026d8f5a6678]
Event: 2.593 Thread 0x0000026dfc109c10 1860       3       java.util.LinkedHashMap::getOrDefault (29 bytes)
Event: 2.593 Thread 0x0000026dfc109c10 nmethod 1860 0x0000026d88343190 code [0x0000026d88343340, 0x0000026d88343598]
Event: 2.593 Thread 0x0000026dfc109c10 1861       3       org.eclipse.osgi.internal.loader.BundleLoader::addExportedProvidersFor (167 bytes)
Event: 2.594 Thread 0x0000026dfc109c10 nmethod 1861 0x0000026d88343690 code [0x0000026d883439a0, 0x0000026d88344c98]
Event: 2.595 Thread 0x0000026dfc109c10 1862       3       java.util.AbstractList::listIterator (6 bytes)
Event: 2.596 Thread 0x0000026dfc109c10 nmethod 1862 0x0000026d88345310 code [0x0000026d883454c0, 0x0000026d88345688]
Event: 2.596 Thread 0x0000026dfc109c10 1864       3       java.util.ArrayList$SubList::iterator (5 bytes)
Event: 2.596 Thread 0x0000026dfc109c10 nmethod 1864 0x0000026d88345710 code [0x0000026d88345920, 0x0000026d88345f78]
Event: 2.596 Thread 0x0000026dfc109c10 1865       3       java.util.ArrayList$SubList::listIterator (19 bytes)
Event: 2.596 Thread 0x0000026dfc109c10 nmethod 1865 0x0000026d88346210 code [0x0000026d88346400, 0x0000026d88346918]
Event: 2.596 Thread 0x0000026dfc109c10 1866       3       java.util.ArrayList$SubList::rangeCheckForAdd (26 bytes)
Event: 2.597 Thread 0x0000026dfc109c10 nmethod 1866 0x0000026d88346b90 code [0x0000026d88346dc0, 0x0000026d88347468]
Event: 2.597 Thread 0x0000026dfc109c10 1867       3       java.util.ArrayList$SubList$1::<init> (39 bytes)
Event: 2.597 Thread 0x0000026dfc109c10 nmethod 1867 0x0000026d88347790 code [0x0000026d88347920, 0x0000026d88347ab8]

GC Heap History (4 events):
Event: 1.263 GC heap before
{Heap before GC invocations=1 (full 0):
 PSYoungGen      total 29696K, used 25600K [0x00000000eab00000, 0x00000000ecc00000, 0x0000000100000000)
  eden space 25600K, 100% used [0x00000000eab00000,0x00000000ec400000,0x00000000ec400000)
  from space 4096K, 0% used [0x00000000ec800000,0x00000000ec800000,0x00000000ecc00000)
  to   space 4096K, 0% used [0x00000000ec400000,0x00000000ec400000,0x00000000ec800000)
 ParOldGen       total 68608K, used 0K [0x00000000c0000000, 0x00000000c4300000, 0x00000000eab00000)
  object space 68608K, 0% used [0x00000000c0000000,0x00000000c0000000,0x00000000c4300000)
 Metaspace       used 4704K, committed 4800K, reserved 1056768K
  class space    used 433K, committed 448K, reserved 1048576K
}
Event: 1.277 GC heap after
{Heap after GC invocations=1 (full 0):
 PSYoungGen      total 29696K, used 3649K [0x00000000eab00000, 0x00000000ecc00000, 0x0000000100000000)
  eden space 25600K, 0% used [0x00000000eab00000,0x00000000eab00000,0x00000000ec400000)
  from space 4096K, 89% used [0x00000000ec400000,0x00000000ec790690,0x00000000ec800000)
  to   space 4096K, 0% used [0x00000000ec800000,0x00000000ec800000,0x00000000ecc00000)
 ParOldGen       total 68608K, used 0K [0x00000000c0000000, 0x00000000c4300000, 0x00000000eab00000)
  object space 68608K, 0% used [0x00000000c0000000,0x00000000c0000000,0x00000000c4300000)
 Metaspace       used 4704K, committed 4800K, reserved 1056768K
  class space    used 433K, committed 448K, reserved 1048576K
}
Event: 2.340 GC heap before
{Heap before GC invocations=2 (full 0):
 PSYoungGen      total 29696K, used 29249K [0x00000000eab00000, 0x00000000ecc00000, 0x0000000100000000)
  eden space 25600K, 100% used [0x00000000eab00000,0x00000000ec400000,0x00000000ec400000)
  from space 4096K, 89% used [0x00000000ec400000,0x00000000ec790690,0x00000000ec800000)
  to   space 4096K, 0% used [0x00000000ec800000,0x00000000ec800000,0x00000000ecc00000)
 ParOldGen       total 68608K, used 0K [0x00000000c0000000, 0x00000000c4300000, 0x00000000eab00000)
  object space 68608K, 0% used [0x00000000c0000000,0x00000000c0000000,0x00000000c4300000)
 Metaspace       used 8726K, committed 8960K, reserved 1056768K
  class space    used 842K, committed 896K, reserved 1048576K
}
Event: 2.344 GC heap after
{Heap after GC invocations=2 (full 0):
 PSYoungGen      total 29696K, used 4093K [0x00000000eab00000, 0x00000000ecc00000, 0x0000000100000000)
  eden space 25600K, 0% used [0x00000000eab00000,0x00000000eab00000,0x00000000ec400000)
  from space 4096K, 99% used [0x00000000ec800000,0x00000000ecbff718,0x00000000ecc00000)
  to   space 4096K, 0% used [0x00000000ec400000,0x00000000ec400000,0x00000000ec800000)
 ParOldGen       total 68608K, used 1288K [0x00000000c0000000, 0x00000000c4300000, 0x00000000eab00000)
  object space 68608K, 1% used [0x00000000c0000000,0x00000000c0142280,0x00000000c4300000)
 Metaspace       used 8726K, committed 8960K, reserved 1056768K
  class space    used 842K, committed 896K, reserved 1048576K
}

Dll operation events (10 events):
Event: 0.060 Loaded shared library C:\Users\Public\wpilib\2023\jdk\bin\java.dll
Event: 0.101 Loaded shared library C:\Users\Public\wpilib\2023\jdk\bin\jsvml.dll
Event: 0.222 Loaded shared library C:\Users\Public\wpilib\2023\jdk\bin\zip.dll
Event: 0.225 Loaded shared library C:\Users\Public\wpilib\2023\jdk\bin\instrument.dll
Event: 0.233 Loaded shared library C:\Users\Public\wpilib\2023\jdk\bin\net.dll
Event: 0.241 Loaded shared library C:\Users\Public\wpilib\2023\jdk\bin\nio.dll
Event: 0.246 Loaded shared library C:\Users\Public\wpilib\2023\jdk\bin\zip.dll
Event: 0.277 Loaded shared library C:\Users\Public\wpilib\2023\jdk\bin\jimage.dll
Event: 0.422 Loaded shared library C:\Users\Public\wpilib\2023\jdk\bin\verify.dll
Event: 2.196 Loaded shared library C:\Users\Public\wpilib\2023\vscode\data\user-data\User\globalStorage\redhat.java\1.14.0\config_ss_win\org.eclipse.equinox.launcher\org.eclipse.equinox.launcher.win32.win32.x86_64_1.2.700.v20221108-1024\eclipse_11801.dll

Deoptimization events (20 events):
Event: 2.508 Thread 0x0000026dfe7355c0 Uncommon trap: trap_request=0xffffffde fr.pc=0x0000026d8f559f84 relative=0x0000000000001504
Event: 2.508 Thread 0x0000026dfe7355c0 Uncommon trap: reason=class_check action=maybe_recompile pc=0x0000026d8f559f84 method=java.io.DataInputStream.readFully([BII)V @ 30 c2
Event: 2.508 Thread 0x0000026dfe7355c0 DEOPT PACKING pc=0x0000026d8f559f84 sp=0x000000a2f73fb990
Event: 2.508 Thread 0x0000026dfe7355c0 DEOPT UNPACKING pc=0x0000026d87a720a3 sp=0x000000a2f73fb8c8 mode 2
Event: 2.508 Thread 0x0000026dfe7355c0 Uncommon trap: trap_request=0xffffffde fr.pc=0x0000026d8f555350 relative=0x00000000000002b0
Event: 2.508 Thread 0x0000026dfe7355c0 Uncommon trap: reason=class_check action=maybe_recompile pc=0x0000026d8f555350 method=java.io.DataInputStream.readByte()B @ 4 c2
Event: 2.508 Thread 0x0000026dfe7355c0 DEOPT PACKING pc=0x0000026d8f555350 sp=0x000000a2f73fbac0
Event: 2.508 Thread 0x0000026dfe7355c0 DEOPT UNPACKING pc=0x0000026d87a720a3 sp=0x000000a2f73fba78 mode 2
Event: 2.508 Thread 0x0000026dfe7355c0 Uncommon trap: trap_request=0xffffffde fr.pc=0x0000026d8f555350 relative=0x00000000000002b0
Event: 2.508 Thread 0x0000026dfe7355c0 Uncommon trap: reason=class_check action=maybe_recompile pc=0x0000026d8f555350 method=java.io.DataInputStream.readByte()B @ 4 c2
Event: 2.508 Thread 0x0000026dfe7355c0 DEOPT PACKING pc=0x0000026d8f555350 sp=0x000000a2f73fbac0
Event: 2.508 Thread 0x0000026dfe7355c0 DEOPT UNPACKING pc=0x0000026d87a720a3 sp=0x000000a2f73fba78 mode 2
Event: 2.508 Thread 0x0000026dfe7355c0 Uncommon trap: trap_request=0xffffffde fr.pc=0x0000026d8f559f84 relative=0x0000000000001504
Event: 2.508 Thread 0x0000026dfe7355c0 Uncommon trap: reason=class_check action=maybe_recompile pc=0x0000026d8f559f84 method=java.io.DataInputStream.readFully([BII)V @ 30 c2
Event: 2.508 Thread 0x0000026dfe7355c0 DEOPT PACKING pc=0x0000026d8f559f84 sp=0x000000a2f73fb990
Event: 2.508 Thread 0x0000026dfe7355c0 DEOPT UNPACKING pc=0x0000026d87a720a3 sp=0x000000a2f73fb8c8 mode 2
Event: 2.508 Thread 0x0000026dfe7355c0 Uncommon trap: trap_request=0xffffffde fr.pc=0x0000026d8f559f84 relative=0x0000000000001504
Event: 2.508 Thread 0x0000026dfe7355c0 Uncommon trap: reason=class_check action=maybe_recompile pc=0x0000026d8f559f84 method=java.io.DataInputStream.readFully([BII)V @ 30 c2
Event: 2.508 Thread 0x0000026dfe7355c0 DEOPT PACKING pc=0x0000026d8f559f84 sp=0x000000a2f73fb990
Event: 2.508 Thread 0x0000026dfe7355c0 DEOPT UNPACKING pc=0x0000026d87a720a3 sp=0x000000a2f73fb8c8 mode 2

Classes unloaded (0 events):
No events

Classes redefined (0 events):
No events

Internal exceptions (20 events):
Event: 1.135 Thread 0x0000026df9e82470 Exception <a 'java/lang/ClassNotFoundException'{0x00000000ec144070}: sun/net/www/protocol/c/Handler> (0x00000000ec144070) 
thrown [s\src\hotspot\share\classfile\systemDictionary.cpp, line 256]
Event: 1.148 Thread 0x0000026df9e82470 Exception <a 'java/io/FileNotFoundException'{0x00000000ec163478}> (0x00000000ec163478) 
thrown [s\src\hotspot\share\prims\jni.cpp, line 516]
Event: 1.210 Thread 0x0000026df9e82470 Implicit null exception at 0x0000026d8f51dd60 to 0x0000026d8f51e690
Event: 1.211 Thread 0x0000026df9e82470 Implicit null exception at 0x0000026d8f522eac to 0x0000026d8f5232f8
Event: 1.211 Thread 0x0000026df9e82470 Implicit null exception at 0x0000026d8f52052c to 0x0000026d8f520964
Event: 1.211 Thread 0x0000026df9e82470 Implicit null exception at 0x0000026d8f53110f to 0x0000026d8f531189
Event: 1.283 Thread 0x0000026df9e82470 Exception <a 'java/lang/NoSuchMethodError'{0x00000000eab2f1f8}: 'int java.lang.invoke.DirectMethodHandle$Holder.invokeStaticInit(java.lang.Object, java.lang.Object, java.lang.Object, java.lang.Object)'> (0x00000000eab2f1f8) 
thrown [s\src\hotspot\share\interpreter\linkResolver.cpp, line 759]
Event: 1.290 Thread 0x0000026df9e82470 Exception <a 'java/lang/NoSuchMethodError'{0x00000000eab39970}: 'java.lang.Object java.lang.invoke.DirectMethodHandle$Holder.invokeInterface(java.lang.Object, java.lang.Object)'> (0x00000000eab39970) 
thrown [s\src\hotspot\share\interpreter\linkResolver.cpp, line 759]
Event: 1.291 Thread 0x0000026df9e82470 Exception <a 'java/lang/IncompatibleClassChangeError'{0x00000000eab3d168}: Found class java.lang.Object, but interface was expected> (0x00000000eab3d168) 
thrown [s\src\hotspot\share\interpreter\linkResolver.cpp, line 826]
Event: 1.293 Thread 0x0000026df9e82470 Exception <a 'java/lang/NoSuchMethodError'{0x00000000eab41890}: 'void java.lang.invoke.DirectMethodHandle$Holder.invokeStatic(java.lang.Object, java.lang.Object)'> (0x00000000eab41890) 
thrown [s\src\hotspot\share\interpreter\linkResolver.cpp, line 759]
Event: 1.293 Thread 0x0000026df9e82470 Exception <a 'java/lang/NoSuchMethodError'{0x00000000eab451a8}: 'void java.lang.invoke.DirectMethodHandle$Holder.invokeStaticInit(java.lang.Object, java.lang.Object)'> (0x00000000eab451a8) 
thrown [s\src\hotspot\share\interpreter\linkResolver.cpp, line 759]
Event: 1.296 Thread 0x0000026df9e82470 Exception <a 'java/lang/NoSuchMethodError'{0x00000000eab4c8f0}: 'int java.lang.invoke.DirectMethodHandle$Holder.invokeStaticInit(java.lang.Object, java.lang.Object)'> (0x00000000eab4c8f0) 
thrown [s\src\hotspot\share\interpreter\linkResolver.cpp, line 759]
Event: 1.344 Thread 0x0000026df9e82470 Exception <a 'java/lang/NoSuchMethodError'{0x00000000eacbb770}: 'void java.lang.invoke.DirectMethodHandle$Holder.invokeSpecial(java.lang.Object, java.lang.Object, java.lang.Object)'> (0x00000000eacbb770) 
thrown [s\src\hotspot\share\interpreter\linkResolver.cpp, line 759]
Event: 1.908 Thread 0x0000026df9e82470 Exception <a 'java/lang/NoSuchMethodError'{0x00000000eb87c7e0}: 'java.lang.Object java.lang.invoke.DirectMethodHandle$Holder.newInvokeSpecial(java.lang.Object, int, java.lang.Object)'> (0x00000000eb87c7e0) 
thrown [s\src\hotspot\share\interpreter\linkResolver.cpp, line 759]
Event: 2.192 Thread 0x0000026df9e82470 Exception <a 'java/lang/UnsatisfiedLinkError'{0x00000000ebdf8498}: 'void org.eclipse.equinox.launcher.JNIBridge._update_splash()'> (0x00000000ebdf8498) 
thrown [s\src\hotspot\share\prims\nativeLookup.cpp, line 543]
Event: 2.259 Thread 0x0000026dfe7355c0 Exception <a 'java/lang/NoSuchMethodError'{0x00000000ec0c2d20}: 'java.lang.Object java.lang.invoke.DirectMethodHandle$Holder.invokeStaticInit(java.lang.Object)'> (0x00000000ec0c2d20) 
thrown [s\src\hotspot\share\interpreter\linkResolver.cpp, line 759]
Event: 2.501 Thread 0x0000026dfe7355c0 Exception <a 'java/io/FileNotFoundException'{0x00000000eb3d4348}> (0x00000000eb3d4348) 
thrown [s\src\hotspot\share\prims\jni.cpp, line 516]
Event: 2.516 Thread 0x0000026dfe7355c0 Exception <a 'java/lang/NullPointerException'{0x00000000eb4264a8}> (0x00000000eb4264a8) 
thrown [s\src\hotspot\share\interpreter\linkResolver.cpp, line 1350]
Event: 2.516 Thread 0x0000026dfe7355c0 Exception <a 'java/lang/NullPointerException'{0x00000000eb426cd0}> (0x00000000eb426cd0) 
thrown [s\src\hotspot\share\interpreter\linkResolver.cpp, line 1350]
Event: 2.545 Thread 0x0000026dfe7355c0 Exception <a 'java/lang/NoSuchMethodError'{0x00000000eb5459b8}: 'java.lang.Object java.lang.invoke.Invokers$Holder.invokeExact_MT(java.lang.Object, java.lang.Object, java.lang.Object, java.lang.Object, java.lang.Object, java.lang.Object)'> (0x00000000eb5459b8) 
thrown [s\src\hotspot\share\interpreter\linkResolver.cpp, line 759]

VM Operations (20 events):
Event: 0.860 Executing VM operation: HandshakeAllThreads
Event: 0.860 Executing VM operation: HandshakeAllThreads done
Event: 1.098 Executing VM operation: HandshakeAllThreads
Event: 1.098 Executing VM operation: HandshakeAllThreads done
Event: 1.148 Executing VM operation: ICBufferFull
Event: 1.148 Executing VM operation: ICBufferFull done
Event: 1.263 Executing VM operation: ParallelGCFailedAllocation
Event: 1.277 Executing VM operation: ParallelGCFailedAllocation done
Event: 1.881 Executing VM operation: HandshakeAllThreads
Event: 1.881 Executing VM operation: HandshakeAllThreads done
Event: 1.882 Executing VM operation: HandshakeAllThreads
Event: 1.882 Executing VM operation: HandshakeAllThreads done
Event: 1.889 Executing VM operation: HandshakeAllThreads
Event: 1.889 Executing VM operation: HandshakeAllThreads done
Event: 2.281 Executing VM operation: HandshakeAllThreads
Event: 2.281 Executing VM operation: HandshakeAllThreads done
Event: 2.281 Executing VM operation: Cleanup
Event: 2.281 Executing VM operation: Cleanup done
Event: 2.340 Executing VM operation: ParallelGCFailedAllocation
Event: 2.344 Executing VM operation: ParallelGCFailedAllocation done

Events (20 events):
Event: 2.389 loading class java/util/Timer done
Event: 2.389 loading class java/util/TaskQueue
Event: 2.389 loading class java/util/TaskQueue done
Event: 2.390 loading class java/util/TimerThread
Event: 2.390 loading class java/util/TimerThread done
Event: 2.390 loading class java/util/Timer$ThreadReaper
Event: 2.390 loading class java/util/Timer$ThreadReaper done
Event: 2.390 Thread 0x0000026dfe694200 Thread added: 0x0000026dfe694200
Event: 2.402 loading class java/util/concurrent/locks/ReentrantLock$FairSync
Event: 2.402 loading class java/util/concurrent/locks/ReentrantLock$FairSync done
Event: 2.404 loading class java/util/Collections$ReverseComparator
Event: 2.404 loading class java/util/Collections$ReverseComparator done
Event: 2.444 loading class javax/xml/parsers/ParserConfigurationException
Event: 2.444 loading class javax/xml/parsers/ParserConfigurationException done
Event: 2.453 loading class java/lang/CloneNotSupportedException
Event: 2.453 loading class java/lang/CloneNotSupportedException done
Event: 2.545 loading class java/util/Comparators$NaturalOrderComparator
Event: 2.546 loading class java/util/Comparators$NaturalOrderComparator done
Event: 2.546 loading class java/util/Collections$ReverseComparator2
Event: 2.546 loading class java/util/Collections$ReverseComparator2 done


Dynamic libraries:
0x00007ff6d8e10000 - 0x00007ff6d8e1e000 	C:\Users\Public\wpilib\2023\jdk\bin\java.exe
0x00007ff9fa870000 - 0x00007ff9faa68000 	C:\WINDOWS\SYSTEM32\ntdll.dll
0x00007ff9f9060000 - 0x00007ff9f911f000 	C:\WINDOWS\System32\KERNEL32.DLL
0x00007ff9f8190000 - 0x00007ff9f8486000 	C:\WINDOWS\System32\KERNELBASE.dll
0x0000000063840000 - 0x00000000638d5000 	C:\WINDOWS\System32\SYSFER.DLL
0x00007ff9f8d80000 - 0x00007ff9f8e2f000 	C:\WINDOWS\System32\ADVAPI32.dll
0x00007ff9f88d0000 - 0x00007ff9f896e000 	C:\WINDOWS\System32\msvcrt.dll
0x00007ff9fa660000 - 0x00007ff9fa6fc000 	C:\WINDOWS\System32\sechost.dll
0x00007ff9f8f30000 - 0x00007ff9f9056000 	C:\WINDOWS\System32\RPCRT4.dll
0x00007ff9f8540000 - 0x00007ff9f8640000 	C:\WINDOWS\System32\ucrtbase.dll
0x00007ff9eb810000 - 0x00007ff9eb827000 	C:\Users\Public\wpilib\2023\jdk\bin\jli.dll
0x00007ff9f9120000 - 0x00007ff9f92bd000 	C:\WINDOWS\System32\USER32.dll
0x00007ff9f8160000 - 0x00007ff9f8182000 	C:\WINDOWS\System32\win32u.dll
0x00007ff9f9680000 - 0x00007ff9f96ac000 	C:\WINDOWS\System32\GDI32.dll
0x00007ff9f7f50000 - 0x00007ff9f8065000 	C:\WINDOWS\System32\gdi32full.dll
0x00007ff9f86d0000 - 0x00007ff9f876d000 	C:\WINDOWS\System32\msvcp_win.dll
0x00007ff9eb7f0000 - 0x00007ff9eb80b000 	C:\Users\Public\wpilib\2023\jdk\bin\VCRUNTIME140.dll
0x00007ff9e1b70000 - 0x00007ff9e1e0a000 	C:\WINDOWS\WinSxS\amd64_microsoft.windows.common-controls_6595b64144ccf1df_6.0.19041.1110_none_60b5254171f9507e\COMCTL32.dll
0x00007ff9f8f00000 - 0x00007ff9f8f30000 	C:\WINDOWS\System32\IMM32.DLL
0x0000026df7de0000 - 0x0000026df7df4000 	C:\WINDOWS\System32\umppc16411.dll
0x00007ff9f3900000 - 0x00007ff9f390c000 	C:\Users\Public\wpilib\2023\jdk\bin\vcruntime140_1.dll
0x00007ff9cce30000 - 0x00007ff9ccebe000 	C:\Users\Public\wpilib\2023\jdk\bin\msvcp140.dll
0x00007ff9fa700000 - 0x00007ff9fa82a000 	C:\WINDOWS\System32\ole32.dll
0x00007ff9f8970000 - 0x00007ff9f8cc4000 	C:\WINDOWS\System32\combase.dll
0x00007ff9a20a0000 - 0x00007ff9a2ce4000 	C:\Users\Public\wpilib\2023\jdk\bin\server\jvm.dll
0x00007ff9e2350000 - 0x00007ff9e2359000 	C:\WINDOWS\SYSTEM32\WSOCK32.dll
0x00007ff9f9610000 - 0x00007ff9f967b000 	C:\WINDOWS\System32\WS2_32.dll
0x00007ff9e2e90000 - 0x00007ff9e2eb7000 	C:\WINDOWS\SYSTEM32\WINMM.dll
0x00007ff9edf20000 - 0x00007ff9edf2a000 	C:\WINDOWS\SYSTEM32\VERSION.dll
0x00007ff9f5df0000 - 0x00007ff9f5e02000 	C:\WINDOWS\SYSTEM32\kernel.appcore.dll
0x00007ff9eb870000 - 0x00007ff9eb87a000 	C:\Users\Public\wpilib\2023\jdk\bin\jimage.dll
0x00007ff9e39f0000 - 0x00007ff9e3bd4000 	C:\WINDOWS\SYSTEM32\DBGHELP.DLL
0x00007ff9e2b60000 - 0x00007ff9e2b94000 	C:\WINDOWS\SYSTEM32\dbgcore.DLL
0x00007ff9f8640000 - 0x00007ff9f86c2000 	C:\WINDOWS\System32\bcryptPrimitives.dll
0x00007ff9eb7e0000 - 0x00007ff9eb7ee000 	C:\Users\Public\wpilib\2023\jdk\bin\instrument.dll
0x00007ff9cfe20000 - 0x00007ff9cfe45000 	C:\Users\Public\wpilib\2023\jdk\bin\java.dll
0x00007ff9b4e70000 - 0x00007ff9b4f46000 	C:\Users\Public\wpilib\2023\jdk\bin\jsvml.dll
0x00007ff9f9d00000 - 0x00007ff9fa444000 	C:\WINDOWS\System32\SHELL32.dll
0x00007ff9f5ff0000 - 0x00007ff9f6783000 	C:\WINDOWS\SYSTEM32\windows.storage.dll
0x00007ff9f79b0000 - 0x00007ff9f79de000 	C:\WINDOWS\SYSTEM32\Wldp.dll
0x00007ff9f9400000 - 0x00007ff9f94ad000 	C:\WINDOWS\System32\SHCORE.dll
0x00007ff9fa600000 - 0x00007ff9fa655000 	C:\WINDOWS\System32\shlwapi.dll
0x00007ff9f7e90000 - 0x00007ff9f7eaf000 	C:\WINDOWS\SYSTEM32\profapi.dll
0x00007ff9e1e30000 - 0x00007ff9e1e48000 	C:\Users\Public\wpilib\2023\jdk\bin\zip.dll
0x00007ff9dccb0000 - 0x00007ff9dccc9000 	C:\Users\Public\wpilib\2023\jdk\bin\net.dll
0x00007ff9ef6d0000 - 0x00007ff9ef7da000 	C:\WINDOWS\SYSTEM32\WINHTTP.dll
0x00007ff9f7710000 - 0x00007ff9f777a000 	C:\WINDOWS\system32\mswsock.dll
0x00007ff9dc4e0000 - 0x00007ff9dc4f5000 	C:\Users\Public\wpilib\2023\jdk\bin\nio.dll
0x00007ff9eb7d0000 - 0x00007ff9eb7e0000 	C:\Users\Public\wpilib\2023\jdk\bin\verify.dll
0x00007ff9c8510000 - 0x00007ff9c854e000 	C:\Users\Public\wpilib\2023\vscode\data\user-data\User\globalStorage\redhat.java\1.14.0\config_ss_win\org.eclipse.equinox.launcher\org.eclipse.equinox.launcher.win32.win32.x86_64_1.2.700.v20221108-1024\eclipse_11801.dll

dbghelp: loaded successfully - version: 4.0.5 - missing functions: none
symbol engine: initialized successfully - sym options: 0x614 - pdb path: .;C:\Users\Public\wpilib\2023\jdk\bin;C:\WINDOWS\SYSTEM32;C:\WINDOWS\WinSxS\amd64_microsoft.windows.common-controls_6595b64144ccf1df_6.0.19041.1110_none_60b5254171f9507e;C:\Users\Public\wpilib\2023\jdk\bin\server;C:\Users\Public\wpilib\2023\vscode\data\user-data\User\globalStorage\redhat.java\1.14.0\config_ss_win\org.eclipse.equinox.launcher\org.eclipse.equinox.launcher.win32.win32.x86_64_1.2.700.v20221108-1024

VM Arguments:
jvm_args: --add-modules=ALL-SYSTEM --add-opens=java.base/java.util=ALL-UNNAMED --add-opens=java.base/java.lang=ALL-UNNAMED --add-opens=java.base/sun.nio.fs=ALL-UNNAMED -Declipse.application=org.eclipse.jdt.ls.core.id1 -Dosgi.bundles.defaultStartLevel=4 -Declipse.product=org.eclipse.jdt.ls.core.product -Djava.import.generatesMetadataFilesAtProjectRoot=false -Dfile.encoding=utf8 -XX:+UseParallelGC -XX:GCTimeRatio=4 -XX:AdaptiveSizePolicyWeight=90 -Dsun.zip.disableMemoryMapping=true -Xmx1G -Xms100m -Xlog:disable -javaagent:c:\Users\Public\wpilib\2023\vscode\data\extensions\redhat.java-1.14.0\lombok\lombok-1.18.24.jar 
java_command: c:\Users\Public\wpilib\2023\vscode\data\extensions\redhat.java-1.14.0\server\plugins\org.eclipse.equinox.launcher_1.6.400.v20210924-0641.jar -configuration c:\Users\Public\wpilib\2023\vscode\data\user-data\User\globalStorage\redhat.java\1.14.0\config_ss_win -data c:\Users\Public\wpilib\2023\vscode\data\user-data\User\workspaceStorage\350e94c15fe0dbdb71c7532cd741930a\redhat.java\ss_ws
java_class_path (initial): c:\Users\Public\wpilib\2023\vscode\data\extensions\redhat.java-1.14.0\server\plugins\org.eclipse.equinox.launcher_1.6.400.v20210924-0641.jar
Launcher Type: SUN_STANDARD

[Global flags]
    uintx AdaptiveSizePolicyWeight                 = 90                                        {product} {command line}
     intx CICompilerCount                          = 3                                         {product} {ergonomic}
    uintx GCTimeRatio                              = 4                                         {product} {command line}
   size_t InitialHeapSize                          = 104857600                                 {product} {command line}
   size_t MaxHeapSize                              = 1073741824                                {product} {command line}
   size_t MaxNewSize                               = 357564416                                 {product} {ergonomic}
   size_t MinHeapDeltaBytes                        = 524288                                    {product} {ergonomic}
   size_t MinHeapSize                              = 104857600                                 {product} {command line}
   size_t NewSize                                  = 34603008                                  {product} {ergonomic}
    uintx NonNMethodCodeHeapSize                   = 5832780                                {pd product} {ergonomic}
    uintx NonProfiledCodeHeapSize                  = 122912730                              {pd product} {ergonomic}
   size_t OldSize                                  = 70254592                                  {product} {ergonomic}
    uintx ProfiledCodeHeapSize                     = 122912730                              {pd product} {ergonomic}
    uintx ReservedCodeCacheSize                    = 251658240                              {pd product} {ergonomic}
     bool SegmentedCodeCache                       = true                                      {product} {ergonomic}
   size_t SoftMaxHeapSize                          = 1073741824                             {manageable} {ergonomic}
     bool UseCompressedClassPointers               = true                           {product lp64_product} {ergonomic}
     bool UseCompressedOops                        = true                           {product lp64_product} {ergonomic}
     bool UseLargePagesIndividualAllocation        = false                                  {pd product} {ergonomic}
     bool UseParallelGC                            = true                                      {product} {command line}

Logging:
Log output configuration:
 #0: stdout all=off uptime,level,tags
 #1: stderr all=off uptime,level,tags

Environment Variables:
JAVA_HOME=C:\Program Files\Eclipse Adoptium\jdk-17.0.6.10-hotspot\
PATH=C:\Program Files\National Instruments\Shared\OpenVINO\;C:\Program Files\Eclipse Adoptium\jdk-17.0.6.10-hotspot\bin;C:\Program Files\Common Files\Oracle\Java\javapath;C:\Program Files (x86)\Common Files\Oracle\Java\javapath;C:\Program Files (x86)\Intel\iCLS Client\;C:\Program Files\Intel\iCLS Client\;C:\WINDOWS\system32;C:\WINDOWS;C:\WINDOWS\System32\Wbem;C:\WINDOWS\System32\WindowsPowerShell\v1.0\;C:\Program Files (x86)\Intel\Intel(R) Management Engine Components\DAL;C:\Program Files\Intel\Intel(R) Management Engine Components\DAL;C:\Program Files (x86)\Intel\Intel(R) Management Engine Components\IPT;C:\Program Files\Intel\Intel(R) Management Engine Components\IPT;C:\Program Files\Common Files\Autodesk Shared\;C:\WINDOWS\System32\OpenSSH\;C:\Program Files\Intel\WiFi\bin\;C:\Program Files\Common Files\Intel\WirelessCommon\;C:\Program Files\Microsoft SQL Server\120\Tools\Binn\;C:\Program Files\dotnet\;C:\Users\nycdoe\AppData\Local\Microsoft\WindowsApps;
USERNAME=nycdoe
OS=Windows_NT
PROCESSOR_IDENTIFIER=Intel64 Family 6 Model 94 Stepping 3, GenuineIntel
TMP=C:\Users\nycdoe\AppData\Local\Temp
TEMP=C:\Users\nycdoe\AppData\Local\Temp



---------------  S Y S T E M  ---------------

OS:
 Windows 10 , 64 bit Build 19041 (10.0.19041.2913)
OS uptime: 28 days 2:00 hours

CPU: total 4 (initial active 4) (4 cores per cpu, 1 threads per core) family 6 model 94 stepping 3 microcode 0xcc, cx8, cmov, fxsr, mmx, 3dnowpref, sse, sse2, sse3, ssse3, sse4.1, sse4.2, popcnt, lzcnt, tsc, tscinvbit, avx, avx2, aes, erms, clmul, bmi1, bmi2, rtm, adx, fma, vzeroupper, clflush, clflushopt

Memory: 4k page, system-wide physical 8099M (1163M free)
TotalPageFile size 17935M (AvailPageFile size 0M)
current process WorkingSet (physical memory assigned to process): 95M, peak: 95M
current process commit charge ("private bytes"): 203M, peak: 203M

vm_info: OpenJDK 64-Bit Server VM (17.0.5+8) for windows-amd64 JRE (17.0.5+8), built on Oct 19 2022 04:48:13 by "temurin" with MS VC++ 16.7 (VS2019)

END.
